[20210731-05:30:15] [CORE ] main: app started pid 969(0x000003c9)
[20210731-05:30:15] [INFO ] main: DISPLAY env var set to :10.0
[20210731-05:30:15] [INFO ] main: using DISPLAY 10
[20210731-05:30:15] [INFO ] channel_thread_loop: thread start
[20210731-05:30:16] [INFO ] Socket 12: AF_UNIX connection received
[20210731-05:30:16] [INFO ] send_init_response_message:
[20210731-05:30:22] [INFO ] channel_thread_loop: trans_check_wait_objs error resetting
[20210731-05:30:22] [INFO ] Socket 13: AF_UNIX connection received
[20210731-05:30:22] [INFO ] send_init_response_message:
[20210731-05:30:25] [INFO ] channel_thread_loop: trans_check_wait_objs error resetting
[20210731-05:30:39] [INFO ] Socket 13: AF_UNIX connection received
[20210731-05:30:39] [INFO ] send_init_response_message:
[20210731-05:32:48] [INFO ] channel_thread_loop: trans_check_wait_objs error resetting
[20210731-05:32:51] [INFO ] Socket 13: AF_UNIX connection received
[20210731-05:32:51] [INFO ] send_init_response_message:
[20210731-05:32:56] [INFO ] channel_thread_loop: trans_check_wait_objs error resetting
[20210731-05:32:59] [INFO ] Socket 13: AF_UNIX connection received
[20210731-05:32:59] [INFO ] send_init_response_message:
[20210731-05:33:16] [INFO ] channel_thread_loop: trans_check_wait_objs error resetting
[20210731-05:33:21] [INFO ] Socket 13: AF_UNIX connection received
[20210731-05:33:21] [INFO ] send_init_response_message:
[20210731-05:33:58] [INFO ] channel_thread_loop: trans_check_wait_objs error resetting
[20210731-05:34:01] [INFO ] Socket 13: AF_UNIX connection received
[20210731-05:34:01] [INFO ] send_init_response_message:
[20210731-05:34:34] [INFO ] channel_thread_loop: trans_check_wait_objs error resetting
[20210731-05:34:37] [INFO ] Socket 13: AF_UNIX connection received
[20210731-05:34:37] [INFO ] send_init_response_message:
[20210731-05:34:40] [INFO ] nil_signal_handler: got signal 13
[20210731-05:34:40] [INFO ] nil_signal_handler: got signal 13
[20210731-05:34:40] [INFO ] channel_thread_loop: trans_check_wait_objs error resetting
